<?xml version="1.0" encoding="UTF-8"?>
<!-- Generated by org.testng.reporters.JUnitXMLReporter -->
<testsuite hostname="EQ-EQ6330754" ignored="0" name="Test11" tests="2" failures="0" timestamp="03 Feb 2021 13:13:52 GMT" time="1.729" errors="0">
  <testcase name="createGoldOrderCorporate" time="0.0" classname="TestCases.BVPNCorporateNVLANP2MPCreationOrderTestCase">
    <skipped/>
  </testcase> <!-- createGoldOrderCorporate -->
  <testcase name="taskCompletionBVPNCorporate" time="0.0" classname="TestCases.BVPNCorporateNVLANP2MPCreationOrderTestCase">
    <skipped/>
  </testcase> <!-- taskCompletionBVPNCorporate -->
</testsuite> <!-- Test11 -->
