<?xml version="1.0" encoding="UTF-8"?>
<!-- Generated by org.testng.reporters.JUnitXMLReporter -->
<testsuite hostname="EQ-EQ6330754" ignored="0" name="Test6" tests="3" failures="2" timestamp="16 Feb 2021 03:28:20 GMT" time="1065.102" errors="0">
  <testcase name="createGoldOrderVmiHub" time="1056.671" classname="TestCases.BVPNVmiHubCreationOrderSaltoTestCase"/>
  <testcase name="caseCompletionVmiHub" time="5.006" classname="TestCases.BVPNVmiHubCreationOrderSaltoTestCase">
    <failure type="org.openqa.selenium.NoSuchSessionException" message="Session ID is null. Using WebDriver after calling quit()?
Build info: version: &amp;apos;3.10.0&amp;apos;, revision: &amp;apos;176b4a9&amp;apos;, time: &amp;apos;2018-03-02T19:03:16.397Z&amp;apos;
System info: host: &amp;apos;EQ-EQ6330754&amp;apos;, ip: &amp;apos;10.238.161.153&amp;apos;, os.name: &amp;apos;Windows 10&amp;apos;, os.arch: &amp;apos;amd64&amp;apos;, os.version: &amp;apos;10.0&amp;apos;, java.version: &amp;apos;1.8.0_131&amp;apos;
Driver info: driver.version: EventFiringWebDriver">
      <![CDATA[org.openqa.selenium.NoSuchSessionException: Session ID is null. Using WebDriver after calling quit()?
Build info: version: '3.10.0', revision: '176b4a9', time: '2018-03-02T19:03:16.397Z'
System info: host: 'EQ-EQ6330754', ip: '10.238.161.153', os.name: 'Windows 10', os.arch: 'amd64', os.version: '10.0', java.version: '1.8.0_131'
Driver info: driver.version: EventFiringWebDriver
at org.openqa.selenium.remote.HttpCommandExecutor.execute(HttpCommandExecutor.java:127)
at org.openqa.selenium.remote.service.DriverCommandExecutor.execute(DriverCommandExecutor.java:83)
at org.openqa.selenium.remote.RemoteWebDriver.execute(RemoteWebDriver.java:601)
at org.openqa.selenium.remote.RemoteWebDriver.execute(RemoteWebDriver.java:658)
at org.openqa.selenium.remote.RemoteWebDriver.getWindowHandles(RemoteWebDriver.java:506)
at org.openqa.selenium.support.events.EventFiringWebDriver.lambda$new$1(EventFiringWebDriver.java:103)
at com.sun.proxy.$Proxy9.getWindowHandles(Unknown Source)
at org.openqa.selenium.support.events.EventFiringWebDriver.getWindowHandles(EventFiringWebDriver.java:204)
at salto.Util.WindowHelper.SwitchMultipleWindow(WindowHelper.java:79)
at salto.Pages.GuardianHomePage.launch_ApplicationFromGuardian(GuardianHomePage.java:46)
at TestCases.BVPNVmiHubCreationOrderSaltoTestCase.caseCompletionVmiHub(BVPNVmiHubCreationOrderSaltoTestCase.java:222)
... Removed 28 stack frames]]>
    </failure>
  </testcase> <!-- caseCompletionVmiHub -->
  <testcase name="caseCompletionVmiHub" time="6.075" classname="TestCases.BVPNVmiHubCreationOrderSaltoTestCase">
    <failure type="org.openqa.selenium.NoSuchSessionException" message="Session ID is null. Using WebDriver after calling quit()?
Build info: version: &amp;apos;3.10.0&amp;apos;, revision: &amp;apos;176b4a9&amp;apos;, time: &amp;apos;2018-03-02T19:03:16.397Z&amp;apos;
System info: host: &amp;apos;EQ-EQ6330754&amp;apos;, ip: &amp;apos;10.238.161.153&amp;apos;, os.name: &amp;apos;Windows 10&amp;apos;, os.arch: &amp;apos;amd64&amp;apos;, os.version: &amp;apos;10.0&amp;apos;, java.version: &amp;apos;1.8.0_131&amp;apos;
Driver info: driver.version: EventFiringWebDriver">
      <![CDATA[org.openqa.selenium.NoSuchSessionException: Session ID is null. Using WebDriver after calling quit()?
Build info: version: '3.10.0', revision: '176b4a9', time: '2018-03-02T19:03:16.397Z'
System info: host: 'EQ-EQ6330754', ip: '10.238.161.153', os.name: 'Windows 10', os.arch: 'amd64', os.version: '10.0', java.version: '1.8.0_131'
Driver info: driver.version: EventFiringWebDriver
at org.openqa.selenium.remote.HttpCommandExecutor.execute(HttpCommandExecutor.java:127)
at org.openqa.selenium.remote.service.DriverCommandExecutor.execute(DriverCommandExecutor.java:83)
at org.openqa.selenium.remote.RemoteWebDriver.execute(RemoteWebDriver.java:601)
at org.openqa.selenium.remote.RemoteWebDriver.execute(RemoteWebDriver.java:658)
at org.openqa.selenium.remote.RemoteWebDriver.getScreenshotAs(RemoteWebDriver.java:343)
at org.openqa.selenium.support.events.EventFiringWebDriver.lambda$new$1(EventFiringWebDriver.java:103)
at com.sun.proxy.$Proxy9.getScreenshotAs(Unknown Source)
at org.openqa.selenium.support.events.EventFiringWebDriver.getScreenshotAs(EventFiringWebDriver.java:285)
at salto.Report.TestListener.onTestFailure(TestListener.java:70)
... Removed 26 stack frames]]>
    </failure>
  </testcase> <!-- caseCompletionVmiHub -->
</testsuite> <!-- Test6 -->
